Arguments: 
  D:\node\node.exe C:\Users\85256\AppData\Roaming\npm\node_modules\yarn\bin\yarn.js add pinia-plugin-persist

PATH: 
  C:\Program Files (x86)\Common Files\Oracle\Java\javapath;C:\WINDOWS\system32;C:\WINDOWS;C:\WINDOWS\System32\Wbem;C:\WINDOWS\System32\WindowsPowerShell\v1.0\;C:\WINDOWS\System32\OpenSSH\;D:\node\;D:\git\Git\cmd;C:\Program Files\TortoiseGit\bin;C:\Users\85256\AppData\Local\Microsoft\WindowsApps;C:\Users\85256\AppData\Roaming\npm;D:\VScode\Microsoft VS Code\bin

Yarn version: 
  1.22.19

Node version: 
  18.12.1

Platform: 
  win32 x64

Trace: 
  Error: EPERM: operation not permitted, unlink 'C:\Users\85256\Desktop\代码\vv3\node_modules\esbuild-windows-64\esbuild.exe'

npm manifest: 
  {
    "name": "uni-preset-vue",
    "version": "0.0.0",
    "scripts": {
      "dev:app": "uni -p app",
      "dev:app-android": "uni -p app-android",
      "dev:app-ios": "uni -p app-ios",
      "dev:custom": "uni -p",
      "dev:h5": "uni",
      "dev:h5:ssr": "uni --ssr",
      "dev:mp-alipay": "uni -p mp-alipay",
      "dev:mp-baidu": "uni -p mp-baidu",
      "dev:mp-kuaishou": "uni -p mp-kuaishou",
      "dev:mp-lark": "uni -p mp-lark",
      "dev:mp-qq": "uni -p mp-qq",
      "dev:mp-toutiao": "uni -p mp-toutiao",
      "dev:mp-weixin": "uni -p mp-weixin",
      "dev:quickapp-webview": "uni -p quickapp-webview",
      "dev:quickapp-webview-huawei": "uni -p quickapp-webview-huawei",
      "dev:quickapp-webview-union": "uni -p quickapp-webview-union",
      "build:app": "uni build -p app",
      "build:app-android": "uni build -p app-android",
      "build:app-ios": "uni build -p app-ios",
      "build:custom": "uni build -p",
      "build:h5": "uni build",
      "build:h5:ssr": "uni build --ssr",
      "build:mp-alipay": "uni build -p mp-alipay",
      "build:mp-baidu": "uni build -p mp-baidu",
      "build:mp-kuaishou": "uni build -p mp-kuaishou",
      "build:mp-lark": "uni build -p mp-lark",
      "build:mp-qq": "uni build -p mp-qq",
      "build:mp-toutiao": "uni build -p mp-toutiao",
      "build:mp-weixin": "uni build -p mp-weixin",
      "build:quickapp-webview": "uni build -p quickapp-webview",
      "build:quickapp-webview-huawei": "uni build -p quickapp-webview-huawei",
      "build:quickapp-webview-union": "uni build -p quickapp-webview-union"
    },
    "dependencies": {
      "@dcloudio/uni-app": "3.0.0-3060520221121001",
      "@dcloudio/uni-app-plus": "3.0.0-3060520221121001",
      "@dcloudio/uni-components": "3.0.0-3060520221121001",
      "@dcloudio/uni-h5": "3.0.0-3060520221121001",
      "@dcloudio/uni-mp-alipay": "3.0.0-3060520221121001",
      "@dcloudio/uni-mp-baidu": "3.0.0-3060520221121001",
      "@dcloudio/uni-mp-kuaishou": "3.0.0-3060520221121001",
      "@dcloudio/uni-mp-lark": "3.0.0-3060520221121001",
      "@dcloudio/uni-mp-qq": "3.0.0-3060520221121001",
      "@dcloudio/uni-mp-toutiao": "3.0.0-3060520221121001",
      "@dcloudio/uni-mp-weixin": "3.0.0-3060520221121001",
      "@dcloudio/uni-quickapp-webview": "3.0.0-3060520221121001",
      "@nutui/nutui": "^3.3.0",
      "i18n": "^0.15.1",
      "lib-flexible": "^0.3.2",
      "pinia": "^2.0.28",
      "postcss-px2rem": "^0.3.0",
      "postcss-pxtorem": "^6.0.0",
      "px2rem-loader": "^0.1.9",
      "qrcode": "^1.5.1",
      "qrcode.vue": "^3.3.3",
      "redis": "^4.5.1",
      "vue": "^3.2.37",
      "vue-i18n": "^9.1.9",
      "vuex-persist": "^3.1.3",
      "z-paging": "^2.4.9"
    },
    "devDependencies": {
      "@dcloudio/types": "^3.0.13",
      "@dcloudio/uni-automator": "3.0.0-3060520221121001",
      "@dcloudio/uni-cli-shared": "3.0.0-3060520221121001",
      "@dcloudio/uni-stacktracey": "3.0.0-3060520221121001",
      "@dcloudio/vite-plugin-uni": "3.0.0-3060520221121001",
      "unplugin-auto-import": "^0.12.0",
      "vite": "^2.9.14"
    }
  }

yarn manifest: 
  No manifest

Lockfile: 
  No lockfile
